[ 2017-06-15T12:25:03+08:00 ] 127.0.0.1 /index.php/Home/Index/index.html
INFO: [ app_init ] --START--
INFO: Run Behavior\BuildLiteBehavior [ RunTime:0.000013s ]
INFO: [ app_init ] --END-- [ RunTime:0.000273s ]
INFO: [ app_begin ] --START--
INFO: Run Behavior\ReadHtmlCacheBehavior [ RunTime:0.000296s ]
INFO: [ app_begin ] --END-- [ RunTime:0.000332s ]
SQL: SHOW COLUMNS FROM `art` [ RunTime:0.0019s ]
SQL: SELECT COUNT(*) AS tp_count FROM `art` LIMIT 1   [ RunTime:0.0002s ]
SQL: SELECT a.art_id,a.cat_id,a.title,a.content,a.pubtime,a.nick,a.click,b.catname FROM art a left join cat b on a.cat_id = b.cat_id  LIMIT 0,5   [ RunTime:0.0008s ]
SQL: SELECT `art_id`,`title` FROM `art` ORDER BY pubtime desc  [ RunTime:0.0002s ]
SQL: SELECT `art_id`,`title` FROM `art` ORDER BY click desc LIMIT 5   [ RunTime:0.0002s ]
SQL: SHOW COLUMNS FROM `cat` [ RunTime:0.0051s ]
SQL: SELECT * FROM `cat`  [ RunTime:0.0002s ]
INFO: [ view_parse ] --START--
NOTIC: [2] file_get_contents(./Application/Home/View/{/T('Public/right')}.html): failed to open stream: No such file or directory D:\xampp\htdocs\blog\ThinkPHP\Library\Think\Template.class.php 第 696 行.
INFO: [ template_filter ] --START--
INFO: Run Behavior\ContentReplaceBehavior [ RunTime:0.000039s ]
INFO: [ template_filter ] --END-- [ RunTime:0.000078s ]
INFO: Run Behavior\ParseTemplateBehavior [ RunTime:0.006701s ]
INFO: [ view_parse ] --END-- [ RunTime:0.006741s ]
INFO: [ view_filter ] --START--
INFO: Run Behavior\WriteHtmlCacheBehavior [ RunTime:0.000148s ]
INFO: [ view_filter ] --END-- [ RunTime:0.000175s ]
INFO: [ app_end ] --START--
INFO: Run Behavior\ShowPageTraceBehavior [ RunTime:0.000291s ]
INFO: [ app_end ] --END-- [ RunTime:0.000321s ]

[ 2017-06-15T12:25:50+08:00 ] 127.0.0.1 /
INFO: [ app_init ] --START--
INFO: Run Behavior\BuildLiteBehavior [ RunTime:0.000009s ]
INFO: [ app_init ] --END-- [ RunTime:0.000228s ]
INFO: [ app_begin ] --START--
INFO: Run Behavior\ReadHtmlCacheBehavior [ RunTime:0.000284s ]
INFO: [ app_begin ] --END-- [ RunTime:0.000317s ]
SQL: SHOW COLUMNS FROM `art` [ RunTime:0.0017s ]
SQL: SELECT COUNT(*) AS tp_count FROM `art` LIMIT 1   [ RunTime:0.0002s ]
SQL: SELECT a.art_id,a.cat_id,a.title,a.content,a.pubtime,a.nick,a.click,b.catname FROM art a left join cat b on a.cat_id = b.cat_id  LIMIT 0,5   [ RunTime:0.0008s ]
SQL: SELECT `art_id`,`title` FROM `art` ORDER BY pubtime desc  [ RunTime:0.0002s ]
SQL: SELECT `art_id`,`title` FROM `art` ORDER BY click desc LIMIT 5   [ RunTime:0.0003s ]
SQL: SHOW COLUMNS FROM `cat` [ RunTime:0.0368s ]
SQL: SELECT * FROM `cat`  [ RunTime:0.0002s ]
INFO: [ view_parse ] --START--
NOTIC: [2] file_get_contents(./Application/Home/View/{/T('Public/right')}.html): failed to open stream: No such file or directory D:\xampp\htdocs\blog\ThinkPHP\Library\Think\Template.class.php 第 696 行.
INFO: [ template_filter ] --START--
INFO: Run Behavior\ContentReplaceBehavior [ RunTime:0.000036s ]
INFO: [ template_filter ] --END-- [ RunTime:0.000067s ]
INFO: Run Behavior\ParseTemplateBehavior [ RunTime:0.006358s ]
INFO: [ view_parse ] --END-- [ RunTime:0.006394s ]
INFO: [ view_filter ] --START--
INFO: Run Behavior\WriteHtmlCacheBehavior [ RunTime:0.000134s ]
INFO: [ view_filter ] --END-- [ RunTime:0.000161s ]
INFO: [ app_end ] --START--
INFO: Run Behavior\ShowPageTraceBehavior [ RunTime:0.000286s ]
INFO: [ app_end ] --END-- [ RunTime:0.000318s ]

[ 2017-06-15T12:29:10+08:00 ] 127.0.0.1 /
INFO: [ app_init ] --START--
INFO: Run Behavior\BuildLiteBehavior [ RunTime:0.000011s ]
INFO: [ app_init ] --END-- [ RunTime:0.000366s ]
INFO: [ app_begin ] --START--
INFO: Run Behavior\ReadHtmlCacheBehavior [ RunTime:0.000378s ]
INFO: [ app_begin ] --END-- [ RunTime:0.000420s ]
SQL: SHOW COLUMNS FROM `art` [ RunTime:0.0093s ]
SQL: SELECT COUNT(*) AS tp_count FROM `art` LIMIT 1   [ RunTime:0.0002s ]
SQL: SELECT a.art_id,a.cat_id,a.title,a.content,a.pubtime,a.nick,a.click,b.catname FROM art a left join cat b on a.cat_id = b.cat_id  LIMIT 0,5   [ RunTime:0.0009s ]
SQL: SELECT `art_id`,`title` FROM `art` ORDER BY pubtime desc  [ RunTime:0.0003s ]
SQL: SELECT `art_id`,`title` FROM `art` ORDER BY click desc LIMIT 5   [ RunTime:0.0003s ]
SQL: SHOW COLUMNS FROM `cat` [ RunTime:0.0252s ]
SQL: SELECT * FROM `cat`  [ RunTime:0.0002s ]
INFO: [ view_parse ] --START--
NOTIC: [2] file_get_contents(./Application/Home/View/{/T('Public/right')}.html): failed to open stream: No such file or directory D:\xampp\htdocs\blog\ThinkPHP\Library\Think\Template.class.php 第 696 行.
INFO: [ template_filter ] --START--
INFO: Run Behavior\ContentReplaceBehavior [ RunTime:0.000036s ]
INFO: [ template_filter ] --END-- [ RunTime:0.000068s ]
INFO: Run Behavior\ParseTemplateBehavior [ RunTime:0.006414s ]
INFO: [ view_parse ] --END-- [ RunTime:0.006452s ]
INFO: [ view_filter ] --START--
INFO: Run Behavior\WriteHtmlCacheBehavior [ RunTime:0.000156s ]
INFO: [ view_filter ] --END-- [ RunTime:0.000181s ]
INFO: [ app_end ] --START--
INFO: Run Behavior\ShowPageTraceBehavior [ RunTime:0.000339s ]
INFO: [ app_end ] --END-- [ RunTime:0.000380s ]

